<?xml version="1.0" encoding="UTF-8"?>
<!-- Generated by org.testng.reporters.JUnitReportReporter -->
<testsuite hostname="Pratiks-MBP" failures="0" tests="2" name="testcases.LoginPageTest" time="5.611" errors="0" timestamp="21 Aug. 2023 03:17:30 GMT" skipped="1">
  <testcase classname="testcases.LoginPageTest" name="signIn" time="5.611"/>
  <testcase classname="testcases.LoginPageTest" name="forgotPassword">
    <skipped/>
  </testcase> <!-- forgotPassword -->
</testsuite> <!-- testcases.LoginPageTest -->
