<?xml version="1.0" encoding="UTF-8"?>
<!-- Generated by org.testng.reporters.JUnitReportReporter -->
<testsuite hostname="Pratiks-MacBook-Pro.local" failures="0" tests="1" name="testcases.AfterSignInPageTest" time="14.196" errors="0" timestamp="29 Aug. 2023 22:00:30 GMT" skipped="0">
  <testcase classname="testcases.AfterSignInPageTest" name="contacts" time="14.196"/>
</testsuite> <!-- testcases.AfterSignInPageTest -->
