<?xml version="1.0" encoding="UTF-8"?>
<!-- Generated by org.testng.reporters.JUnitReportReporter -->
<testsuite skipped="0" hostname="Pratik" name="testcases.ForgotPasswordPageTest" tests="1" failures="0" timestamp="21 Apr 2023 07:19:59 GMT" time="17.709" errors="0">
  <testcase name="resetPassword" time="17.709" classname="testcases.ForgotPasswordPageTest"/>
</testsuite> <!-- testcases.ForgotPasswordPageTest -->
